2014-12-12 18:11:13,608 - INFO - Connecting to database: None
INFO - Using logging config at C:\Users\steve/Documents/svn/HYDRA/config/logging.conf
INFO - Connecting to database: sqlite:///C:\Users\Public\Documents/Hydra Modeller/db/hydra.db
INFO - Custom unit conversion file 'C:\Users\Public\Documents/Hydra Modeller/.config/hydra/unit_conversion.xml' does not exist, falling back to default file (C:\Users\steve\DOCUME~1\svn\HYDRA\HYDRAS~1\trunk\dist\HYDRAS~1\HydraLib\static\user_units.xml).
INFO - home_dir C:\Users\Public\Documents/Hydra Modeller
INFO - hydra_base_dir C:\Users\steve/Documents/svn/HYDRA
INFO - common_app_data_folder C:\ProgramData
INFO - win_common_documents C:\Users\Public\Documents
INFO - sqlite url sqlite:///C:\Users\Public\Documents/Hydra Modeller/db/hydra.db
INFO - layout_xsd_path C:\Users\steve/Documents/svn/HYDRA/HydraServer/trunk/static/xml/resource_layout.xsd
INFO - default_directory C:\Users\steve/Documents/svn/HYDRA/HydraPlugins/
INFO - result_file C:\Users\Public\Documents/Hydra Modeller/.hydra/plugin_result/
INFO - plugin_xsd_path C:\Users\steve/Documents/svn/HYDRA/HydraPlugins/xml/trunk/plugin_input.xsd
INFO - log_config_path C:\Users\steve/Documents/svn/HYDRA/config/logging.conf
INFO - listening to http://127.0.0.1:8080/soap
INFO - wsdl is at: http://127.0.0.1:8080/soap/?wsdl
INFO - Using logging config at C:\Users\steve/Documents/svn/HYDRA/config/logging.conf
INFO - Connecting to database: sqlite:///C:\Users\Public\Documents/Hydra Modeller/db/hydra.db
INFO - Custom unit conversion file 'C:\Users\Public\Documents/Hydra Modeller/.config/hydra/unit_conversion.xml' does not exist, falling back to default file (C:\Users\steve\DOCUME~1\svn\HYDRA\HYDRAS~1\trunk\dist\HYDRAS~1\HydraLib\static\user_units.xml).
INFO - home_dir C:\Users\Public\Documents/Hydra Modeller
INFO - hydra_base_dir C:\Users\steve/Documents/svn/HYDRA
INFO - common_app_data_folder C:\ProgramData
INFO - win_common_documents C:\Users\Public\Documents
INFO - sqlite url sqlite:///C:\Users\Public\Documents/Hydra Modeller/db/hydra.db
INFO - layout_xsd_path C:\Users\steve/Documents/svn/HYDRA/HydraServer/trunk/static/xml/resource_layout.xsd
INFO - default_directory C:\Users\steve/Documents/svn/HYDRA/HydraPlugins/
INFO - result_file C:\Users\Public\Documents/Hydra Modeller/.hydra/plugin_result/
INFO - plugin_xsd_path C:\Users\steve/Documents/svn/HYDRA/HydraPlugins/xml/trunk/plugin_input.xsd
INFO - log_config_path C:\Users\steve/Documents/svn/HYDRA/config/logging.conf
INFO - listening to http://127.0.0.1:8080/soap
INFO - wsdl is at: http://127.0.0.1:8080/soap/?wsdl
INFO - Received request: <function login at 0x00000000068680B8>
CRITICAL - [Errno 2] No such file or directory: 'C:\\Users\\steve\\Documents\\svn\\HYDRA\\HydraServer\\trunk\\build\\server\\out00-PYZ.pyz\\__pycache__\\_bcrypt_cffi_6b390667x92a686ca.c'
ERROR - Fault(Server: 'Fault')
Traceback (most recent call last):
  File "C:\Users\steve\Documents\svn\HYDRA\HydraServer\trunk\build\server\out00-PYZ.pyz\spyne.application", line 142, in process_request
  File "<string>", line 179, in call_wrapper
Fault: Fault(Server: 'Fault')
INFO - Using logging config at c:/Users/steve/Documents/svn/HYDRA/config/logging.conf
INFO - Connecting to database: sqlite:///C:\Users\Public\Documents/Hydra Modeller/db/hydra.db
INFO - Custom unit conversion file 'C:\Users\Public\Documents/Hydra Modeller/.config/hydra/unit_conversion.xml' does not exist, falling back to default file (C:\Users\steve\Documents\svn\HYDRA\HydraLib\trunk\HydraLib\static\user_units.xml).
INFO - home_dir C:\Users\Public\Documents/Hydra Modeller
INFO - hydra_base_dir c:/Users/steve/Documents/svn/HYDRA
INFO - common_app_data_folder C:\ProgramData
INFO - win_common_documents C:\Users\Public\Documents
INFO - sqlite url sqlite:///C:\Users\Public\Documents/Hydra Modeller/db/hydra.db
INFO - layout_xsd_path c:/Users/steve/Documents/svn/HYDRA/HydraServer/trunk/static/xml/resource_layout.xsd
INFO - default_directory c:/Users/steve/Documents/svn/HYDRA/HydraPlugins/
INFO - result_file C:\Users\Public\Documents/Hydra Modeller/.hydra/plugin_result/
INFO - plugin_xsd_path c:/Users/steve/Documents/svn/HYDRA/HydraPlugins/xml/trunk/plugin_input.xsd
INFO - log_config_path c:/Users/steve/Documents/svn/HYDRA/config/logging.conf
INFO - listening to http://127.0.0.1:8080/soap
INFO - wsdl is at: http://127.0.0.1:8080/soap/?wsdl
INFO - Received request: <function login at 0x000000000608B9E8>
INFO - Call took: 0:00:00.446000
INFO - Using logging config at C:\Users\steve/Documents/svn/HYDRA/config/logging.conf
INFO - Connecting to database: sqlite:///C:\Users\Public\Documents/Hydra Modeller/db/hydra.db
INFO - Custom unit conversion file 'C:\Users\Public\Documents/Hydra Modeller/.config/hydra/unit_conversion.xml' does not exist, falling back to default file (C:\Users\steve\DOCUME~1\svn\HYDRA\HYDRAS~1\trunk\dist\HYDRAS~1\HydraLib\static\user_units.xml).
INFO - home_dir C:\Users\Public\Documents/Hydra Modeller
INFO - hydra_base_dir C:\Users\steve/Documents/svn/HYDRA
INFO - common_app_data_folder C:\ProgramData
INFO - win_common_documents C:\Users\Public\Documents
INFO - sqlite url sqlite:///C:\Users\Public\Documents/Hydra Modeller/db/hydra.db
INFO - layout_xsd_path C:\Users\steve/Documents/svn/HYDRA/HydraServer/trunk/static/xml/resource_layout.xsd
INFO - default_directory C:\Users\steve/Documents/svn/HYDRA/HydraPlugins/
INFO - result_file C:\Users\Public\Documents/Hydra Modeller/.hydra/plugin_result/
INFO - plugin_xsd_path C:\Users\steve/Documents/svn/HYDRA/HydraPlugins/xml/trunk/plugin_input.xsd
INFO - log_config_path C:\Users\steve/Documents/svn/HYDRA/config/logging.conf
INFO - listening to http://127.0.0.1:8080/soap
INFO - wsdl is at: http://127.0.0.1:8080/soap/?wsdl
INFO - Received request: <function login at 0x000000000608B9E8>
INFO - Call took: 0:00:00.210000
INFO - Received request: <function login at 0x000000000608B9E8>
INFO - Call took: 0:00:00.209000
INFO - Received request: <function login at 0x000000000608B9E8>
INFO - Call took: 0:00:00.390000
INFO - Received request: <function login at 0x000000000608B9E8>
INFO - Call took: 0:00:00.249000
INFO - Received request: <function bulk_insert_data at 0x0000000006202898>
INFO - Incoming data processed in 0:00:00
INFO - Retrieved 0 datasets
INFO - Existing data retrieved.
INFO - Retrieved 2 datasets
INFO - Done bulk inserting data. 2 datasets
INFO - Call took: 0:00:00.025000
INFO - Received request: <function add_dataset_group at 0x0000000006202C88>
INFO - Call took: 0:00:00
INFO - Received request: <function login at 0x000000000608B9E8>
INFO - Call took: 0:00:00.182000
INFO - Received request: <function login at 0x000000000608B9E8>
INFO - Call took: 0:00:00.229000
INFO - Received request: <function login at 0x000000000608B9E8>
INFO - Call took: 0:00:00.266000
INFO - Received request: <function bulk_insert_data at 0x0000000006202898>
INFO - Incoming data processed in 0:00:00
INFO - Retrieved 2 datasets
INFO - Existing data retrieved.
INFO - Done bulk inserting data. 2 datasets
INFO - Call took: 0:00:00
INFO - Received request: <function add_dataset_group at 0x0000000006202C88>
INFO - Call took: 0:00:00
INFO - Received request: <function login at 0x000000000608B9E8>
INFO - Call took: 0:00:00.469000
INFO - Received request: <function bulk_insert_data at 0x0000000006202898>
INFO - Incoming data processed in 0:00:00
INFO - Retrieved 2 datasets
INFO - Existing data retrieved.
INFO - Done bulk inserting data. 2 datasets
INFO - Call took: 0:00:00.023000
INFO - Received request: <function add_dataset_group at 0x0000000006202C88>
INFO - Call took: 0:00:00
INFO - Received request: <function login at 0x000000000608B9E8>
INFO - Call took: 0:00:00.312000
INFO - Received request: <function bulk_insert_data at 0x0000000006202898>
INFO - Incoming data processed in 0:00:00
INFO - Retrieved 2 datasets
INFO - Existing data retrieved.
INFO - Done bulk inserting data. 2 datasets
INFO - Call took: 0:00:00.015000
INFO - Received request: <function add_dataset_group at 0x0000000006202C88>
INFO - Call took: 0:00:00
INFO - Received request: <function login at 0x000000000608B9E8>
INFO - Call took: 0:00:00.313000
INFO - Received request: <function bulk_insert_data at 0x0000000006202898>
INFO - Incoming data processed in 0:00:00
INFO - Retrieved 2 datasets
INFO - Existing data retrieved.
INFO - Done bulk inserting data. 2 datasets
INFO - Call took: 0:00:00.016000
INFO - Received request: <function add_dataset_group at 0x0000000006202C88>
INFO - Call took: 0:00:00
INFO - Using logging config at C:\Users\steve/Documents/svn/HYDRA/config/logging.conf
INFO - Connecting to database: sqlite:///C:\Users\Public\Documents/Hydra Modeller/db/hydra.db
INFO - Custom unit conversion file 'C:\Users\Public\Documents/Hydra Modeller/.config/hydra/unit_conversion.xml' does not exist, falling back to default file (C:\Users\steve\DOCUME~1\svn\HYDRA\HYDRAS~1\trunk\dist\HYDRAS~1\HydraLib\static\user_units.xml).
INFO - home_dir C:\Users\Public\Documents/Hydra Modeller
INFO - hydra_base_dir C:\Users\steve/Documents/svn/HYDRA
INFO - common_app_data_folder C:\ProgramData
INFO - win_common_documents C:\Users\Public\Documents
INFO - sqlite url sqlite:///C:\Users\Public\Documents/Hydra Modeller/db/hydra.db
INFO - layout_xsd_path C:\Users\steve/Documents/svn/HYDRA/HydraServer/trunk/static/xml/resource_layout.xsd
INFO - default_directory C:\Users\steve/Documents/svn/HYDRA/HydraPlugins/
INFO - result_file C:\Users\Public\Documents/Hydra Modeller/.hydra/plugin_result/
INFO - plugin_xsd_path C:\Users\steve/Documents/svn/HYDRA/HydraPlugins/xml/trunk/plugin_input.xsd
INFO - log_config_path C:\Users\steve/Documents/svn/HYDRA/config/logging.conf
INFO - listening to http://127.0.0.1:8080/soap
INFO - wsdl is at: http://127.0.0.1:8080/soap/?wsdl
INFO - Received request: <function login at 0x000000000608B9E8>
INFO - Call took: 0:00:00.312000
INFO - Received request: <function bulk_insert_data at 0x0000000006202898>
INFO - Incoming data processed in 0:00:00
INFO - Retrieved 2 datasets
INFO - Existing data retrieved.
INFO - Done bulk inserting data. 2 datasets
INFO - Call took: 0:00:00.016000
INFO - Received request: <function add_dataset_group at 0x0000000006202C88>
INFO - Call took: 0:00:00
INFO - Received request: <function login at 0x000000000608B9E8>
INFO - Call took: 0:00:00.312000
INFO - Received request: <function bulk_insert_data at 0x0000000006202898>
INFO - Incoming data processed in 0:00:00
INFO - Retrieved 2 datasets
INFO - Existing data retrieved.
INFO - Done bulk inserting data. 2 datasets
INFO - Call took: 0:00:00
INFO - Received request: <function add_dataset_group at 0x0000000006202C88>
INFO - Call took: 0:00:00.016000
INFO - Using logging config at C:\Users\steve/Documents/svn/HYDRA/config/logging.conf
INFO - Connecting to database: sqlite:///C:\Users\Public\Documents/Hydra Modeller/db/hydra.db
INFO - Custom unit conversion file 'C:\Users\Public\Documents/Hydra Modeller/.config/hydra/unit_conversion.xml' does not exist, falling back to default file (C:\Users\steve\DOCUME~1\svn\HYDRA\HYDRAS~1\trunk\dist\HYDRAS~1\HydraLib\static\user_units.xml).
INFO - home_dir C:\Users\Public\Documents/Hydra Modeller
INFO - hydra_base_dir C:\Users\steve/Documents/svn/HYDRA
INFO - common_app_data_folder C:\ProgramData
INFO - win_common_documents C:\Users\Public\Documents
INFO - sqlite url sqlite:///C:\Users\Public\Documents/Hydra Modeller/db/hydra.db
INFO - layout_xsd_path C:\Users\steve/Documents/svn/HYDRA/HydraServer/trunk/static/xml/resource_layout.xsd
INFO - default_directory C:\Users\steve/Documents/svn/HYDRA/HydraPlugins/
INFO - result_file C:\Users\Public\Documents/Hydra Modeller/.hydra/plugin_result/
INFO - plugin_xsd_path C:\Users\steve/Documents/svn/HYDRA/HydraPlugins/xml/trunk/plugin_input.xsd
INFO - log_config_path C:\Users\steve/Documents/svn/HYDRA/config/logging.conf
INFO - listening to http://127.0.0.1:8080/soap
INFO - wsdl is at: http://127.0.0.1:8080/soap/?wsdl
INFO - Received request: <function login at 0x00000000069080B8>
CRITICAL - [Errno 2] No such file or directory: 'C:\\Users\\steve\\Documents\\svn\\HYDRA\\HydraServer\\trunk\\build\\server\\out00-PYZ.pyz\\__pycache__\\_bcrypt_cffi_6b390667x92a686ca.c'
ERROR - Fault(Server: 'Fault')
Traceback (most recent call last):
  File "C:\Users\steve\Documents\svn\HYDRA\HydraServer\trunk\build\server\out00-PYZ.pyz\spyne.application", line 142, in process_request
  File "<string>", line 179, in call_wrapper
Fault: Fault(Server: 'Fault')
INFO - Received request: <function login at 0x00000000069080B8>
CRITICAL - [Errno 2] No such file or directory: 'C:\\Users\\steve\\Documents\\svn\\HYDRA\\HydraServer\\trunk\\build\\server\\out00-PYZ.pyz\\__pycache__\\_bcrypt_cffi_6b390667x92a686ca.c'
ERROR - Fault(Server: 'Fault')
Traceback (most recent call last):
  File "C:\Users\steve\Documents\svn\HYDRA\HydraServer\trunk\build\server\out00-PYZ.pyz\spyne.application", line 142, in process_request
  File "<string>", line 179, in call_wrapper
Fault: Fault(Server: 'Fault')
INFO - Using logging config at C:\Users\steve/Documents/svn/HYDRA/config/logging.conf
INFO - Connecting to database: sqlite:///C:\Users\Public\Documents/Hydra Modeller/db/hydra.db
INFO - Custom unit conversion file 'C:\Users\Public\Documents/Hydra Modeller/.config/hydra/unit_conversion.xml' does not exist, falling back to default file (C:\Users\steve\DOCUME~1\svn\HYDRA\HYDRAS~1\trunk\dist\HYDRAS~1\HydraLib\static\user_units.xml).
INFO - home_dir C:\Users\Public\Documents/Hydra Modeller
INFO - hydra_base_dir C:\Users\steve/Documents/svn/HYDRA
INFO - common_app_data_folder C:\ProgramData
INFO - win_common_documents C:\Users\Public\Documents
INFO - sqlite url sqlite:///C:\Users\Public\Documents/Hydra Modeller/db/hydra.db
INFO - layout_xsd_path C:\Users\steve/Documents/svn/HYDRA/HydraServer/trunk/static/xml/resource_layout.xsd
INFO - default_directory C:\Users\steve/Documents/svn/HYDRA/HydraPlugins/
INFO - result_file C:\Users\Public\Documents/Hydra Modeller/.hydra/plugin_result/
INFO - plugin_xsd_path C:\Users\steve/Documents/svn/HYDRA/HydraPlugins/xml/trunk/plugin_input.xsd
INFO - log_config_path C:\Users\steve/Documents/svn/HYDRA/config/logging.conf
INFO - listening to http://127.0.0.1:8080/soap
INFO - wsdl is at: http://127.0.0.1:8080/soap/?wsdl
INFO - Received request: <function login at 0x00000000068480B8>
CRITICAL - [Errno 2] No such file or directory: 'C:\\Users\\steve\\Documents\\svn\\HYDRA\\HydraServer\\trunk\\build\\server\\out00-PYZ.pyz\\__pycache__\\_bcrypt_cffi_6b390667x92a686ca.c'
ERROR - Fault(Server: 'Fault')
Traceback (most recent call last):
  File "C:\Users\steve\Documents\svn\HYDRA\HydraServer\trunk\build\server\out00-PYZ.pyz\spyne.application", line 142, in process_request
  File "<string>", line 179, in call_wrapper
Fault: Fault(Server: 'Fault')
INFO - Using logging config at C:\Users\steve/Documents/svn/HYDRA/config/logging.conf
INFO - Connecting to database: sqlite:///C:\Users\Public\Documents/Hydra Modeller/db/hydra.db
INFO - Custom unit conversion file 'C:\Users\Public\Documents/Hydra Modeller/.config/hydra/unit_conversion.xml' does not exist, falling back to default file (C:\Users\steve\Documents\svn\HYDRA\HydraLib\trunk\HydraLib\static\user_units.xml).
INFO - home_dir C:\Users\Public\Documents/Hydra Modeller
INFO - hydra_base_dir C:\Users\steve/Documents/svn/HYDRA
INFO - common_app_data_folder C:\ProgramData
INFO - win_common_documents C:\Users\Public\Documents
INFO - sqlite url sqlite:///C:\Users\Public\Documents/Hydra Modeller/db/hydra.db
INFO - layout_xsd_path C:\Users\steve/Documents/svn/HYDRA/HydraServer/trunk/static/xml/resource_layout.xsd
INFO - default_directory C:\Users\steve/Documents/svn/HYDRA/HydraPlugins/
INFO - result_file C:\Users\Public\Documents/Hydra Modeller/.hydra/plugin_result/
INFO - plugin_xsd_path C:\Users\steve/Documents/svn/HYDRA/HydraPlugins/xml/trunk/plugin_input.xsd
INFO - log_config_path C:\Users\steve/Documents/svn/HYDRA/config/logging.conf
INFO - listening to http://127.0.0.1:8080/soap
INFO - wsdl is at: http://127.0.0.1:8080/soap/?wsdl
INFO - Received request: <function login at 0x00000000060409E8>
INFO - Call took: 0:00:00.297000
INFO - Received request: <function bulk_insert_data at 0x000000000623A898>
INFO - Incoming data processed in 0:00:00
INFO - Retrieved 2 datasets
INFO - Existing data retrieved.
INFO - Done bulk inserting data. 2 datasets
INFO - Call took: 0:00:00.016000
INFO - Received request: <function add_dataset_group at 0x000000000623AC88>
INFO - Call took: 0:00:00
INFO - Using logging config at C:\Users\steve/Documents/svn/HYDRA/config/logging.conf
INFO - Connecting to database: sqlite:///C:\Users\Public\Documents/Hydra Modeller/db/hydra.db
INFO - Custom unit conversion file 'C:\Users\Public\Documents/Hydra Modeller/.config/hydra/unit_conversion.xml' does not exist, falling back to default file (C:\Users\steve\DOCUME~1\svn\HYDRA\HYDRAS~1\trunk\dist\HYDRAS~1\HydraLib\static\user_units.xml).
INFO - home_dir C:\Users\Public\Documents/Hydra Modeller
INFO - hydra_base_dir C:\Users\steve/Documents/svn/HYDRA
INFO - common_app_data_folder C:\ProgramData
INFO - win_common_documents C:\Users\Public\Documents
INFO - sqlite url sqlite:///C:\Users\Public\Documents/Hydra Modeller/db/hydra.db
INFO - layout_xsd_path C:\Users\steve/Documents/svn/HYDRA/HydraServer/trunk/static/xml/resource_layout.xsd
INFO - default_directory C:\Users\steve/Documents/svn/HYDRA/HydraPlugins/
INFO - result_file C:\Users\Public\Documents/Hydra Modeller/.hydra/plugin_result/
INFO - plugin_xsd_path C:\Users\steve/Documents/svn/HYDRA/HydraPlugins/xml/trunk/plugin_input.xsd
INFO - log_config_path C:\Users\steve/Documents/svn/HYDRA/config/logging.conf
INFO - listening to http://127.0.0.1:8080/soap
INFO - wsdl is at: http://127.0.0.1:8080/soap/?wsdl
INFO - Received request: <function login at 0x00000000068A80B8>
CRITICAL - [Errno 2] No such file or directory: 'C:\\Users\\steve\\Documents\\svn\\HYDRA\\HydraServer\\trunk\\build\\server\\out00-PYZ.pyz\\__pycache__\\_bcrypt_cffi_6b390667x92a686ca.c'
ERROR - Fault(Server: 'Fault')
Traceback (most recent call last):
  File "C:\Users\steve\Documents\svn\HYDRA\HydraServer\trunk\build\server\out00-PYZ.pyz\spyne.application", line 142, in process_request
  File "<string>", line 179, in call_wrapper
Fault: Fault(Server: 'Fault')
INFO - Using logging config at C:\Users\steve/Documents/svn/HYDRA/config/logging.conf
INFO - Connecting to database: sqlite:///C:\Users\Public\Documents/Hydra Modeller/db/hydra.db
INFO - Custom unit conversion file 'C:\Users\Public\Documents/Hydra Modeller/.config/hydra/unit_conversion.xml' does not exist, falling back to default file (C:\Users\steve\DOCUME~1\svn\HYDRA\HYDRAS~1\trunk\dist\HYDRAS~1\HydraLib\static\user_units.xml).
INFO - home_dir C:\Users\Public\Documents/Hydra Modeller
INFO - hydra_base_dir C:\Users\steve/Documents/svn/HYDRA
INFO - common_app_data_folder C:\ProgramData
INFO - win_common_documents C:\Users\Public\Documents
INFO - sqlite url sqlite:///C:\Users\Public\Documents/Hydra Modeller/db/hydra.db
INFO - layout_xsd_path C:\Users\steve/Documents/svn/HYDRA/HydraServer/trunk/static/xml/resource_layout.xsd
INFO - default_directory C:\Users\steve/Documents/svn/HYDRA/HydraPlugins/
INFO - result_file C:\Users\Public\Documents/Hydra Modeller/.hydra/plugin_result/
INFO - plugin_xsd_path C:\Users\steve/Documents/svn/HYDRA/HydraPlugins/xml/trunk/plugin_input.xsd
INFO - log_config_path C:\Users\steve/Documents/svn/HYDRA/config/logging.conf
INFO - listening to http://127.0.0.1:8080/soap
INFO - wsdl is at: http://127.0.0.1:8080/soap/?wsdl
INFO - Received request: <function login at 0x00000000068A80B8>
CRITICAL - [Errno 2] No such file or directory: 'C:\\Users\\steve\\Documents\\svn\\HYDRA\\HydraServer\\trunk\\build\\server\\out00-PYZ.pyz\\__pycache__\\_bcrypt_cffi_6b390667x92a686ca.c'
ERROR - Fault(Server: 'Fault')
Traceback (most recent call last):
  File "C:\Users\steve\Documents\svn\HYDRA\HydraServer\trunk\build\server\out00-PYZ.pyz\spyne.application", line 142, in process_request
  File "<string>", line 179, in call_wrapper
Fault: Fault(Server: 'Fault')
INFO - Using logging config at C:\Users\steve/Documents/svn/HYDRA/config/logging.conf
INFO - Connecting to database: sqlite:///C:\Users\Public\Documents/Hydra Modeller/db/hydra.db
INFO - Custom unit conversion file 'C:\Users\Public\Documents/Hydra Modeller/.config/hydra/unit_conversion.xml' does not exist, falling back to default file (C:\Users\steve\DOCUME~1\svn\HYDRA\HYDRAS~1\trunk\dist\HYDRAS~1\HydraLib\static\user_units.xml).
INFO - home_dir C:\Users\Public\Documents/Hydra Modeller
INFO - hydra_base_dir C:\Users\steve/Documents/svn/HYDRA
INFO - common_app_data_folder C:\ProgramData
INFO - win_common_documents C:\Users\Public\Documents
INFO - sqlite url sqlite:///C:\Users\Public\Documents/Hydra Modeller/db/hydra.db
INFO - layout_xsd_path C:\Users\steve/Documents/svn/HYDRA/HydraServer/trunk/static/xml/resource_layout.xsd
INFO - default_directory C:\Users\steve/Documents/svn/HYDRA/HydraPlugins/
INFO - result_file C:\Users\Public\Documents/Hydra Modeller/.hydra/plugin_result/
INFO - plugin_xsd_path C:\Users\steve/Documents/svn/HYDRA/HydraPlugins/xml/trunk/plugin_input.xsd
INFO - log_config_path C:\Users\steve/Documents/svn/HYDRA/config/logging.conf
INFO - listening to http://127.0.0.1:8080/soap
INFO - wsdl is at: http://127.0.0.1:8080/soap/?wsdl
INFO - Received request: <function login at 0x00000000068A80B8>
CRITICAL - [Errno 2] No such file or directory: 'C:\\Users\\steve\\Documents\\svn\\HYDRA\\HydraServer\\trunk\\build\\server\\out00-PYZ.pyz\\__pycache__\\_bcrypt_cffi_6b390667x92a686ca.c'
ERROR - Fault(Server: 'Fault')
Traceback (most recent call last):
  File "C:\Users\steve\Documents\svn\HYDRA\HydraServer\trunk\build\server\out00-PYZ.pyz\spyne.application", line 142, in process_request
  File "<string>", line 179, in call_wrapper
Fault: Fault(Server: 'Fault')
INFO - Using logging config at C:\Users\steve/Documents/svn/HYDRA/config/logging.conf
INFO - Connecting to database: sqlite:///C:\Users\Public\Documents/Hydra Modeller/db/hydra.db
INFO - Custom unit conversion file 'C:\Users\Public\Documents/Hydra Modeller/.config/hydra/unit_conversion.xml' does not exist, falling back to default file (C:\Users\steve\DOCUME~1\svn\HYDRA\HYDRAS~1\trunk\dist\HYDRAS~1\HydraLib\static\user_units.xml).
INFO - home_dir C:\Users\Public\Documents/Hydra Modeller
INFO - hydra_base_dir C:\Users\steve/Documents/svn/HYDRA
INFO - common_app_data_folder C:\ProgramData
INFO - win_common_documents C:\Users\Public\Documents
INFO - sqlite url sqlite:///C:\Users\Public\Documents/Hydra Modeller/db/hydra.db
INFO - layout_xsd_path C:\Users\steve/Documents/svn/HYDRA/HydraServer/trunk/static/xml/resource_layout.xsd
INFO - default_directory C:\Users\steve/Documents/svn/HYDRA/HydraPlugins/
INFO - result_file C:\Users\Public\Documents/Hydra Modeller/.hydra/plugin_result/
INFO - plugin_xsd_path C:\Users\steve/Documents/svn/HYDRA/HydraPlugins/xml/trunk/plugin_input.xsd
INFO - log_config_path C:\Users\steve/Documents/svn/HYDRA/config/logging.conf
INFO - listening to http://127.0.0.1:8080/soap
INFO - wsdl is at: http://127.0.0.1:8080/soap/?wsdl
INFO - Using logging config at C:\Users\steve/Documents/svn/HYDRA/config/logging.conf
INFO - Connecting to database: sqlite:///C:\Users\Public\Documents/Hydra Modeller/db/hydra.db
INFO - Custom unit conversion file 'C:\Users\Public\Documents/Hydra Modeller/.config/hydra/unit_conversion.xml' does not exist, falling back to default file (C:\Users\steve\DOCUME~1\svn\HYDRA\HYDRAS~1\trunk\dist\HYDRAS~1\HydraLib\static\user_units.xml).
INFO - home_dir C:\Users\Public\Documents/Hydra Modeller
INFO - hydra_base_dir C:\Users\steve/Documents/svn/HYDRA
INFO - common_app_data_folder C:\ProgramData
INFO - win_common_documents C:\Users\Public\Documents
INFO - sqlite url sqlite:///C:\Users\Public\Documents/Hydra Modeller/db/hydra.db
INFO - layout_xsd_path C:\Users\steve/Documents/svn/HYDRA/HydraServer/trunk/static/xml/resource_layout.xsd
INFO - default_directory C:\Users\steve/Documents/svn/HYDRA/HydraPlugins/
INFO - result_file C:\Users\Public\Documents/Hydra Modeller/.hydra/plugin_result/
INFO - plugin_xsd_path C:\Users\steve/Documents/svn/HYDRA/HydraPlugins/xml/trunk/plugin_input.xsd
INFO - log_config_path C:\Users\steve/Documents/svn/HYDRA/config/logging.conf
INFO - listening to http://127.0.0.1:8080/soap
INFO - wsdl is at: http://127.0.0.1:8080/soap/?wsdl
INFO - Using logging config at C:\Users\steve/Documents/svn/HYDRA/config/logging.conf
INFO - Connecting to database: sqlite:///C:\Users\Public\Documents/Hydra Modeller/db/hydra.db
INFO - Custom unit conversion file 'C:\Users\Public\Documents/Hydra Modeller/.config/hydra/unit_conversion.xml' does not exist, falling back to default file (C:\Users\steve\DOCUME~1\svn\HYDRA\HYDRAS~1\trunk\dist\HYDRAS~1\HydraLib\static\user_units.xml).
INFO - home_dir C:\Users\Public\Documents/Hydra Modeller
INFO - hydra_base_dir C:\Users\steve/Documents/svn/HYDRA
INFO - common_app_data_folder C:\ProgramData
INFO - win_common_documents C:\Users\Public\Documents
INFO - sqlite url sqlite:///C:\Users\Public\Documents/Hydra Modeller/db/hydra.db
INFO - layout_xsd_path C:\Users\steve/Documents/svn/HYDRA/HydraServer/trunk/static/xml/resource_layout.xsd
INFO - default_directory C:\Users\steve/Documents/svn/HYDRA/HydraPlugins/
INFO - result_file C:\Users\Public\Documents/Hydra Modeller/.hydra/plugin_result/
INFO - plugin_xsd_path C:\Users\steve/Documents/svn/HYDRA/HydraPlugins/xml/trunk/plugin_input.xsd
INFO - log_config_path C:\Users\steve/Documents/svn/HYDRA/config/logging.conf
INFO - listening to http://127.0.0.1:8080/soap
INFO - wsdl is at: http://127.0.0.1:8080/soap/?wsdl
INFO - Received request: <function login at 0x00000000068270B8>
CRITICAL - Attempted implicit compile of a cffi module. All cffi modules should be pre-compiled at installation time.
ERROR - Fault(Server: 'Attempted implicit compile of a cffi module. All cffi modules should be pre-compiled at installation time.')
Traceback (most recent call last):
  File "C:\Users\steve\Documents\svn\HYDRA\HydraServer\trunk\build\server\out00-PYZ.pyz\spyne.application", line 142, in process_request
  File "<string>", line 179, in call_wrapper
Fault: Fault(Server: 'Attempted implicit compile of a cffi module. All cffi modules should be pre-compiled at installation time.')
INFO - Using logging config at C:\Users\steve/Documents/svn/HYDRA/config/logging.conf
INFO - Connecting to database: sqlite:///C:\Users\Public\Documents/Hydra Modeller/db/hydra.db
INFO - Custom unit conversion file 'C:\Users\Public\Documents/Hydra Modeller/.config/hydra/unit_conversion.xml' does not exist, falling back to default file (C:\Users\steve\DOCUME~1\svn\HYDRA\HYDRAS~1\trunk\dist\HYDRAS~1\HydraLib\static\user_units.xml).
INFO - home_dir C:\Users\Public\Documents/Hydra Modeller
INFO - hydra_base_dir C:\Users\steve/Documents/svn/HYDRA
INFO - common_app_data_folder C:\ProgramData
INFO - win_common_documents C:\Users\Public\Documents
INFO - sqlite url sqlite:///C:\Users\Public\Documents/Hydra Modeller/db/hydra.db
INFO - layout_xsd_path C:\Users\steve/Documents/svn/HYDRA/HydraServer/trunk/static/xml/resource_layout.xsd
INFO - default_directory C:\Users\steve/Documents/svn/HYDRA/HydraPlugins/
INFO - result_file C:\Users\Public\Documents/Hydra Modeller/.hydra/plugin_result/
INFO - plugin_xsd_path C:\Users\steve/Documents/svn/HYDRA/HydraPlugins/xml/trunk/plugin_input.xsd
INFO - log_config_path C:\Users\steve/Documents/svn/HYDRA/config/logging.conf
INFO - listening to http://127.0.0.1:8080/soap
INFO - wsdl is at: http://127.0.0.1:8080/soap/?wsdl
INFO - Using logging config at C:\Users\steve/Documents/svn/HYDRA/config/logging.conf
INFO - Connecting to database: sqlite:///C:\Users\Public\Documents/Hydra Modeller/db/hydra.db
INFO - Custom unit conversion file 'C:\Users\Public\Documents/Hydra Modeller/.config/hydra/unit_conversion.xml' does not exist, falling back to default file (C:\Users\steve\DOCUME~1\svn\HYDRA\HYDRAS~1\trunk\dist\HYDRAS~1\HydraLib\static\user_units.xml).
INFO - Received request: <function login at 0x00000000068680B8>
CRITICAL - [Errno 2] No such file or directory: 'C:\\Users\\steve\\Documents\\svn\\HYDRA\\HydraServer\\trunk\\build\\server\\out00-PYZ.pyz\\__pycache__\\_bcrypt_cffi_6b390667x92a686ca.c'
ERROR - Fault(Server: 'Fault')
Traceback (most recent call last):
  File "C:\Users\steve\Documents\svn\HYDRA\HydraServer\trunk\build\server\out00-PYZ.pyz\spyne.application", line 142, in process_request
  File "<string>", line 179, in call_wrapper
Fault: Fault(Server: 'Fault')
INFO - Using logging config at C:\Users\steve/Documents/svn/HYDRA/config/logging.conf
INFO - Connecting to database: sqlite:///C:\Users\Public\Documents/Hydra Modeller/db/hydra.db
INFO - Custom unit conversion file 'C:\Users\Public\Documents/Hydra Modeller/.config/hydra/unit_conversion.xml' does not exist, falling back to default file (C:\Users\steve\DOCUME~1\svn\HYDRA\HYDRAS~1\trunk\dist\HYDRAS~1\HydraLib\static\user_units.xml).
INFO - home_dir C:\Users\Public\Documents/Hydra Modeller
INFO - hydra_base_dir C:\Users\steve/Documents/svn/HYDRA
INFO - common_app_data_folder C:\ProgramData
INFO - win_common_documents C:\Users\Public\Documents
INFO - sqlite url sqlite:///C:\Users\Public\Documents/Hydra Modeller/db/hydra.db
INFO - layout_xsd_path C:\Users\steve/Documents/svn/HYDRA/HydraServer/trunk/static/xml/resource_layout.xsd
INFO - default_directory C:\Users\steve/Documents/svn/HYDRA/HydraPlugins/
INFO - result_file C:\Users\Public\Documents/Hydra Modeller/.hydra/plugin_result/
INFO - plugin_xsd_path C:\Users\steve/Documents/svn/HYDRA/HydraPlugins/xml/trunk/plugin_input.xsd
INFO - log_config_path C:\Users\steve/Documents/svn/HYDRA/config/logging.conf
INFO - listening to http://127.0.0.1:8080/soap
INFO - wsdl is at: http://127.0.0.1:8080/soap/?wsdl
INFO - Using logging config at C:\Users\steve/Documents/svn/HYDRA/config/logging.conf
INFO - Connecting to database: sqlite:///C:\Users\Public\Documents/Hydra Modeller/db/hydra.db
INFO - Custom unit conversion file 'C:\Users\Public\Documents/Hydra Modeller/.config/hydra/unit_conversion.xml' does not exist, falling back to default file (C:\Users\steve\DOCUME~1\svn\HYDRA\HYDRAS~1\trunk\dist\HYDRAS~1\HydraLib\static\user_units.xml).
INFO - home_dir C:\Users\Public\Documents/Hydra Modeller
INFO - hydra_base_dir C:\Users\steve/Documents/svn/HYDRA
INFO - common_app_data_folder C:\ProgramData
INFO - win_common_documents C:\Users\Public\Documents
INFO - sqlite url sqlite:///C:\Users\Public\Documents/Hydra Modeller/db/hydra.db
INFO - layout_xsd_path C:\Users\steve/Documents/svn/HYDRA/HydraServer/trunk/static/xml/resource_layout.xsd
INFO - default_directory C:\Users\steve/Documents/svn/HYDRA/HydraPlugins/
INFO - result_file C:\Users\Public\Documents/Hydra Modeller/.hydra/plugin_result/
INFO - plugin_xsd_path C:\Users\steve/Documents/svn/HYDRA/HydraPlugins/xml/trunk/plugin_input.xsd
INFO - log_config_path C:\Users\steve/Documents/svn/HYDRA/config/logging.conf
INFO - listening to http://127.0.0.1:8080/soap
INFO - wsdl is at: http://127.0.0.1:8080/soap/?wsdl
INFO - Received request: <function login at 0x00000000068B6358>
CRITICAL - [Errno 2] No such file or directory: 'C:\\Users\\steve\\Documents\\svn\\HYDRA\\HydraServer\\trunk\\build\\server\\out00-PYZ.pyz\\__pycache__\\_bcrypt_cffi_6b390667x92a686ca.c'
ERROR - Fault(Server: 'Fault')
Traceback (most recent call last):
  File "C:\Users\steve\Documents\svn\HYDRA\HydraServer\trunk\build\server\out00-PYZ.pyz\spyne.application", line 142, in process_request
  File "<string>", line 181, in call_wrapper
Fault: Fault(Server: 'Fault')
INFO - Using logging config at C:\Users\steve/Documents/svn/HYDRA/config/logging.conf
INFO - Connecting to database: sqlite:///C:\Users\Public\Documents/Hydra Modeller/db/hydra.db
INFO - Custom unit conversion file 'C:\Users\Public\Documents/Hydra Modeller/.config/hydra/unit_conversion.xml' does not exist, falling back to default file (C:\Users\steve\DOCUME~1\svn\HYDRA\HYDRAS~1\trunk\dist\HYDRAS~1\HydraLib\static\user_units.xml).
INFO - home_dir C:\Users\Public\Documents/Hydra Modeller
INFO - hydra_base_dir C:\Users\steve/Documents/svn/HYDRA
INFO - common_app_data_folder C:\ProgramData
INFO - win_common_documents C:\Users\Public\Documents
INFO - sqlite url sqlite:///C:\Users\Public\Documents/Hydra Modeller/db/hydra.db
INFO - layout_xsd_path C:\Users\steve/Documents/svn/HYDRA/HydraServer/trunk/static/xml/resource_layout.xsd
INFO - default_directory C:\Users\steve/Documents/svn/HYDRA/HydraPlugins/
INFO - result_file C:\Users\Public\Documents/Hydra Modeller/.hydra/plugin_result/
INFO - plugin_xsd_path C:\Users\steve/Documents/svn/HYDRA/HydraPlugins/xml/trunk/plugin_input.xsd
INFO - log_config_path C:\Users\steve/Documents/svn/HYDRA/config/logging.conf
INFO - listening to http://127.0.0.1:8080/soap
INFO - wsdl is at: http://127.0.0.1:8080/soap/?wsdl
INFO - Received request: <function login at 0x00000000063819E8>
INFO - Call took: 0:00:00.391000
INFO - Received request: <function bulk_insert_data at 0x00000000067FF518>
INFO - Incoming data processed in 0:00:00.009000
INFO - Retrieved 2 datasets
INFO - Existing data retrieved.
INFO - Done bulk inserting data. 2 datasets
INFO - Call took: 0:00:00.017000
INFO - Received request: <function add_dataset_group at 0x000000000681E898>
INFO - Call took: 0:00:00.004000
INFO - Received request: <function login at 0x00000000063819E8>
INFO - Call took: 0:00:00.380000
INFO - Received request: <function bulk_insert_data at 0x00000000067FF518>
INFO - Incoming data processed in 0:00:00.005000
INFO - Retrieved 2 datasets
INFO - Existing data retrieved.
INFO - Done bulk inserting data. 2 datasets
INFO - Call took: 0:00:00.010000
INFO - Received request: <function add_dataset_group at 0x000000000681E898>
INFO - Call took: 0:00:00.003000
INFO - Using logging config at C:\Users\steve/Documents/svn/HYDRA/config/logging.conf
INFO - Connecting to database: sqlite:///C:\Users\Public\Documents/Hydra Modeller/db/hydra.db
INFO - Custom unit conversion file 'C:\Users\Public\Documents/Hydra Modeller/.config/hydra/unit_conversion.xml' does not exist, falling back to default file (C:\Users\steve\DOCUME~1\svn\HYDRA\HYDRAS~1\trunk\dist\HYDRAS~1\HydraLib\static\user_units.xml).
INFO - home_dir C:\Users\Public\Documents/Hydra Modeller
INFO - hydra_base_dir C:\Users\steve/Documents/svn/HYDRA
INFO - common_app_data_folder C:\ProgramData
INFO - win_common_documents C:\Users\Public\Documents
INFO - sqlite url sqlite:///C:\Users\Public\Documents/Hydra Modeller/db/hydra.db
INFO - layout_xsd_path C:\Users\steve/Documents/svn/HYDRA/HydraServer/trunk/static/xml/resource_layout.xsd
INFO - default_directory C:\Users\steve/Documents/svn/HYDRA/HydraPlugins/
INFO - result_file C:\Users\Public\Documents/Hydra Modeller/.hydra/plugin_result/
INFO - plugin_xsd_path C:\Users\steve/Documents/svn/HYDRA/HydraPlugins/xml/trunk/plugin_input.xsd
INFO - log_config_path C:\Users\steve/Documents/svn/HYDRA/config/logging.conf
INFO - listening to http://127.0.0.1:8080/soap
INFO - wsdl is at: http://127.0.0.1:8080/soap/?wsdl
INFO - Using logging config at C:\Users\steve/Documents/svn/HYDRA/config/logging.conf
INFO - Connecting to database: sqlite:///C:\Users\Public\Documents/Hydra Modeller/db/hydra.db
INFO - Custom unit conversion file 'C:\Users\Public\Documents/Hydra Modeller/.config/hydra/unit_conversion.xml' does not exist, falling back to default file (C:\Users\steve\DOCUME~1\svn\HYDRA\HYDRAS~1\trunk\dist\HYDRAS~1\HydraLib\static\user_units.xml).
INFO - home_dir C:\Users\Public\Documents/Hydra Modeller
INFO - hydra_base_dir C:\Users\steve/Documents/svn/HYDRA
INFO - common_app_data_folder C:\ProgramData
INFO - win_common_documents C:\Users\Public\Documents
INFO - sqlite url sqlite:///C:\Users\Public\Documents/Hydra Modeller/db/hydra.db
INFO - layout_xsd_path C:\Users\steve/Documents/svn/HYDRA/HydraServer/trunk/static/xml/resource_layout.xsd
INFO - default_directory C:\Users\steve/Documents/svn/HYDRA/HydraPlugins/
INFO - result_file C:\Users\Public\Documents/Hydra Modeller/.hydra/plugin_result/
INFO - plugin_xsd_path C:\Users\steve/Documents/svn/HYDRA/HydraPlugins/xml/trunk/plugin_input.xsd
INFO - log_config_path C:\Users\steve/Documents/svn/HYDRA/config/logging.conf
INFO - listening to http://127.0.0.1:8080/soap
INFO - wsdl is at: http://127.0.0.1:8080/soap/?wsdl
INFO - Received request: <function login at 0x00000000063B99E8>
INFO - Call took: 0:00:00.328000
INFO - Received request: <function get_user_by_name at 0x0000000006931F28>
INFO - Call took: 0:00:00
INFO - Received request: <function add_user at 0x0000000006931C88>
INFO - Call took: 0:00:00.312000
INFO - Received request: <function get_role_by_code at 0x00000000069EBDD8>
INFO - Call took: 0:00:00
INFO - Received request: <function set_user_role at 0x00000000069EB4A8>
INFO - Call took: 0:00:00.015000
INFO - Received request: <function get_user_by_name at 0x0000000006931F28>
INFO - Call took: 0:00:00
INFO - Received request: <function add_user at 0x0000000006931C88>
INFO - Call took: 0:00:00.328000
INFO - Received request: <function get_role_by_code at 0x00000000069EBDD8>
INFO - Call took: 0:00:00
INFO - Received request: <function set_user_role at 0x00000000069EB4A8>
INFO - Call took: 0:00:00.015000
INFO - Received request: <function get_user_by_name at 0x0000000006931F28>
INFO - Call took: 0:00:00.016000
INFO - Received request: <function add_user at 0x0000000006931C88>
INFO - Call took: 0:00:00.344000
INFO - Received request: <function get_role_by_code at 0x00000000069EBDD8>
INFO - Call took: 0:00:00.015000
INFO - Received request: <function set_user_role at 0x00000000069EB4A8>
INFO - Call took: 0:00:00
INFO - Received request: <function get_project_by_name at 0x00000000063B9BA8>
CRITICAL - Project Unittest Project not found
ERROR - Fault(HydraError 300: u'Project Unittest Project not found')
Traceback (most recent call last):
  File "C:\Users\steve\Documents\svn\HYDRA\HydraServer\trunk\build\server\out00-PYZ.pyz\spyne.application", line 142, in process_request
  File "<string>", line 171, in call_wrapper
HydraServiceError: Fault(HydraError 300: u'Project Unittest Project not found')
INFO - Received request: <function add_project at 0x00000000063CBC88>
INFO - Call took: 0:00:00
INFO - Received request: <function share_project at 0x0000000006B6FAC8>
INFO - Call took: 0:00:00.031000
INFO - Received request: <function get_project_by_name at 0x00000000063B9BA8>
CRITICAL - Project test not found
ERROR - Fault(HydraError 300: u'Project test not found')
Traceback (most recent call last):
  File "C:\Users\steve\Documents\svn\HYDRA\HydraServer\trunk\build\server\out00-PYZ.pyz\spyne.application", line 142, in process_request
  File "<string>", line 171, in call_wrapper
HydraServiceError: Fault(HydraError 300: u'Project test not found')
INFO - Received request: <function add_project at 0x00000000063CBC88>
INFO - Call took: 0:00:00.016000
INFO - Received request: <function share_project at 0x0000000006B6FAC8>
INFO - Call took: 0:00:00.031000
INFO - Received request: <function add_network at 0x00000000063B9978>
INFO - Network attributes added in 0:00:00.016000
INFO - Adding nodes to network
INFO - Node insert took 0.0 secs
INFO - 0 ResourceTypes inserted in 0.0150001049042 secs
INFO - Resource attributes from types added in 0:00:00.015000
WARNING - No attributes on any resource....
INFO - Resource attributes insertion from types done in 0:00:00.015000
INFO - retrieved 0 entries in 0:00:00.015000
INFO - Processing Query results took 0:00:00.015000
INFO - Resource attributes added in 0:00:00.015000
INFO - Nodes added in 0:00:00.015000
INFO - Adding links to network
INFO - Links added in 0:00:00
INFO - 0 ResourceTypes inserted in 0.0 secs
INFO - Resource attributes from types added in 0:00:00
WARNING - No attributes on any resource....
INFO - Resource attributes insertion from types done in 0:00:00.016000
INFO - retrieved 0 entries in 0:00:00.016000
INFO - Processing Query results took 0:00:00.016000
INFO - Resource attributes added in 0:00:00.016000
INFO - Links added in 0:00:00.032000
INFO - Scenarios added in 0:00:00
INFO - Insertion of network took: 0:00:00.063000
INFO - Call took: 0:00:00.094000
INFO - Received request: <function get_template_by_name at 0x00000000069F94A8>
INFO - Default Template is not a valid identifier for a template
INFO - Call took: 0:00:00.016000
INFO - Received request: <function get_attribute at 0x000000000683E208>
INFO - Call took: 0:00:00
INFO - Received request: <function add_attribute at 0x00000000063D7DD8>
INFO - New attr added
INFO - Call took: 0:00:00.015000
INFO - Received request: <function get_attribute at 0x000000000683E208>
INFO - Call took: 0:00:00
INFO - Received request: <function add_attribute at 0x00000000063D7DD8>
INFO - New attr added
INFO - Call took: 0:00:00.016000
INFO - Received request: <function get_attribute at 0x000000000683E208>
INFO - Call took: 0:00:00
INFO - Received request: <function add_attribute at 0x00000000063D7DD8>
INFO - New attr added
INFO - Call took: 0:00:00
INFO - Received request: <function get_attribute at 0x000000000683E208>
INFO - Call took: 0:00:00
INFO - Received request: <function add_attribute at 0x00000000063D7DD8>
INFO - New attr added
INFO - Call took: 0:00:00
INFO - Received request: <function get_attribute at 0x000000000683E208>
INFO - Call took: 0:00:00
INFO - Received request: <function add_attribute at 0x00000000063D7DD8>
INFO - New attr added
INFO - Call took: 0:00:00
INFO - Received request: <function get_attribute at 0x000000000683E208>
INFO - Call took: 0:00:00
INFO - Received request: <function add_attribute at 0x00000000063D7DD8>
INFO - New attr added
INFO - Call took: 0:00:00.016000
INFO - Received request: <function get_attribute at 0x000000000683E208>
INFO - Call took: 0:00:00
INFO - Received request: <function add_attribute at 0x00000000063D7DD8>
INFO - New attr added
INFO - Call took: 0:00:00
INFO - Received request: <function add_template at 0x00000000069EB7B8>
INFO - Call took: 0:00:00.063000
INFO - Received request: <function add_link at 0x00000000063CBC18>
INFO - Call took: 0:00:00.047000
INFO - Received request: <function get_network at 0x00000000063B9C18>
INFO - Getting node attributes
INFO - Getting link attributes
INFO - Getting group attributes
INFO - Attributes retrieved. Processing results...
INFO - Attributes processed.
INFO - Node attributes set
INFO - Link attributes set
INFO - Group attributes set
INFO - Call took: 0:00:00.078000
INFO - Received request: <function logout at 0x00000000063B9A58>
INFO - Call took: 0:00:00
INFO - Received request: <function login at 0x00000000063B99E8>
INFO - Call took: 0:00:00.328000
INFO - Received request: <function get_user_by_name at 0x0000000006931F28>
INFO - Call took: 0:00:00
INFO - Received request: <function get_user_by_name at 0x0000000006931F28>
INFO - Call took: 0:00:00.016000
INFO - Received request: <function get_user_by_name at 0x0000000006931F28>
INFO - Call took: 0:00:00.015000
INFO - Received request: <function get_project_by_name at 0x00000000063B9BA8>
INFO - Call took: 0:00:00.016000
INFO - Received request: <function get_project_by_name at 0x00000000063B9BA8>
INFO - Call took: 0:00:00
INFO - Received request: <function add_network at 0x00000000063B9978>
INFO - Network attributes added in 0:00:00
INFO - Adding nodes to network
INFO - Node insert took 0.0 secs
INFO - 0 ResourceTypes inserted in 0.0150001049042 secs
INFO - Resource attributes from types added in 0:00:00.015000
WARNING - No attributes on any resource....
INFO - Resource attributes insertion from types done in 0:00:00.015000
INFO - retrieved 0 entries in 0:00:00.015000
INFO - Processing Query results took 0:00:00.015000
INFO - Resource attributes added in 0:00:00.015000
INFO - Nodes added in 0:00:00.015000
INFO - Adding links to network
INFO - Links added in 0:00:00.016000
INFO - 0 ResourceTypes inserted in 0.0 secs
INFO - Resource attributes from types added in 0:00:00
WARNING - No attributes on any resource....
INFO - Resource attributes insertion from types done in 0:00:00.016000
INFO - retrieved 0 entries in 0:00:00.016000
INFO - Processing Query results took 0:00:00.016000
INFO - Resource attributes added in 0:00:00.016000
INFO - Links added in 0:00:00.032000
INFO - Scenarios added in 0:00:00
INFO - Insertion of network took: 0:00:00.047000
INFO - Call took: 0:00:00.062000
INFO - Received request: <function get_template_by_name at 0x00000000069F94A8>
INFO - Call took: 0:00:00.016000
INFO - Received request: <function add_link at 0x00000000063CBC18>
INFO - Call took: 0:00:00.032000
INFO - Received request: <function get_network at 0x00000000063B9C18>
INFO - Getting node attributes
INFO - Getting link attributes
INFO - Getting group attributes
INFO - Attributes retrieved. Processing results...
INFO - Attributes processed.
INFO - Node attributes set
INFO - Link attributes set
INFO - Group attributes set
INFO - Call took: 0:00:00.078000
INFO - Received request: <function logout at 0x00000000063B9A58>
INFO - Call took: 0:00:00
INFO - Using logging config at C:\Users\steve/Documents/svn/HYDRA/config/logging.conf
INFO - Connecting to database: sqlite:///C:\Users\Public\Documents/Hydra Modeller/db/hydra.db
INFO - Custom unit conversion file 'C:\Users\Public\Documents/Hydra Modeller/.config/hydra/unit_conversion.xml' does not exist, falling back to default file (C:\Users\steve\DOCUME~1\svn\HYDRA\HYDRAS~1\trunk\dist\HYDRAS~1\HydraLib\static\user_units.xml).
INFO - home_dir C:\Users\Public\Documents/Hydra Modeller
INFO - hydra_base_dir C:\Users\steve/Documents/svn/HYDRA
INFO - common_app_data_folder C:\ProgramData
INFO - win_common_documents C:\Users\Public\Documents
INFO - sqlite url sqlite:///C:\Users\Public\Documents/Hydra Modeller/db/hydra.db
INFO - layout_xsd_path C:\Users\steve/Documents/svn/HYDRA/HydraServer/trunk/static/xml/resource_layout.xsd
INFO - default_directory C:\Users\steve/Documents/svn/HYDRA/HydraPlugins/
INFO - result_file C:\Users\Public\Documents/Hydra Modeller/.hydra/plugin_result/
INFO - plugin_xsd_path C:\Users\steve/Documents/svn/HYDRA/HydraPlugins/xml/trunk/plugin_input.xsd
INFO - log_config_path C:\Users\steve/Documents/svn/HYDRA/config/logging.conf
INFO - listening to http://127.0.0.1:8080/soap
INFO - wsdl is at: http://127.0.0.1:8080/soap/?wsdl
2014-12-16 15:23:51,256 - INFO - Connecting to database: None
2014-12-16 15:24:35,694 - INFO - Connecting to database: None
2014-12-16 15:27:58,683 - INFO - Connecting to database: None
2014-12-16 15:28:03,572 - INFO - Connecting to database: None
INFO - Using logging config at c:/Users/steve/Documents/svn/HYDRA/config/logging.conf
INFO - Connecting to database: sqlite:///C:\Users\Public\Documents/Hydra Modeller/db/hydra.db
INFO - Custom unit conversion file 'C:\Users\Public\Documents/Hydra Modeller/.config/hydra/unit_conversion.xml' does not exist, falling back to default file (C:\Users\steve\Documents\svn\HYDRA\HydraLib\trunk\HydraLib\static\user_units.xml).
INFO - home_dir C:\Users\Public\Documents/Hydra Modeller
INFO - hydra_base_dir c:/Users/steve/Documents/svn/HYDRA
INFO - common_app_data_folder C:\ProgramData
INFO - win_common_documents C:\Users\Public\Documents
INFO - sqlite url sqlite:///C:\Users\Public\Documents/Hydra Modeller/db/hydra.db
INFO - layout_xsd_path c:/Users/steve/Documents/svn/HYDRA/HydraServer/trunk/static/xml/resource_layout.xsd
INFO - default_directory c:/Users/steve/Documents/svn/HYDRA/HydraPlugins/
INFO - result_file C:\Users\Public\Documents/Hydra Modeller/.hydra/plugin_result/
INFO - plugin_xsd_path c:/Users/steve/Documents/svn/HYDRA/HydraPlugins/xml/trunk/plugin_input.xsd
INFO - log_config_path c:/Users/steve/Documents/svn/HYDRA/config/logging.conf
INFO - listening to http://127.0.0.1:8080/soap
INFO - wsdl is at: http://127.0.0.1:8080/soap/?wsdl
INFO - Using logging config at C:\Users\steve/Documents/svn/HYDRA/config/logging.conf
INFO - Connecting to database: sqlite:///C:\Users\Public\Documents/Hydra Modeller/db/hydra.db
INFO - Custom unit conversion file 'C:\Users\Public\Documents/Hydra Modeller/.config/hydra/unit_conversion.xml' does not exist, falling back to default file (C:\Users\steve\DOCUME~1\svn\HYDRA\HYDRAS~1\trunk\dist\HYDRAS~1\HydraLib\static\user_units.xml).
INFO - home_dir C:\Users\Public\Documents/Hydra Modeller
INFO - hydra_base_dir C:\Users\steve/Documents/svn/HYDRA
INFO - common_app_data_folder C:\ProgramData
INFO - win_common_documents C:\Users\Public\Documents
INFO - sqlite url sqlite:///C:\Users\Public\Documents/Hydra Modeller/db/hydra.db
INFO - layout_xsd_path C:\Users\steve/Documents/svn/HYDRA/HydraServer/trunk/static/xml/resource_layout.xsd
INFO - default_directory C:\Users\steve/Documents/svn/HYDRA/HydraPlugins/
INFO - result_file C:\Users\Public\Documents/Hydra Modeller/.hydra/plugin_result/
INFO - plugin_xsd_path C:\Users\steve/Documents/svn/HYDRA/HydraPlugins/xml/trunk/plugin_input.xsd
INFO - log_config_path C:\Users\steve/Documents/svn/HYDRA/config/logging.conf
INFO - listening to http://127.0.0.1:8080/soap
INFO - wsdl is at: http://127.0.0.1:8080/soap/?wsdl
INFO - Using logging config at C:\Users\steve/Documents/svn/HYDRA/config/logging.conf
INFO - Connecting to database: sqlite:///C:\Users\Public\Documents/Hydra Modeller/db/hydra1.db
INFO - Custom unit conversion file 'C:\Users\Public\Documents/Hydra Modeller/.config/hydra/unit_conversion.xml' does not exist, falling back to default file (C:\Users\steve\DOCUME~1\svn\HYDRA\HYDRAS~1\trunk\dist\HYDRAS~1\HydraLib\static\user_units.xml).
INFO - home_dir C:\Users\Public\Documents/Hydra Modeller
INFO - hydra_base_dir C:\Users\steve/Documents/svn/HYDRA
INFO - common_app_data_folder C:\ProgramData
INFO - win_common_documents C:\Users\Public\Documents
INFO - sqlite url sqlite:///C:\Users\Public\Documents/Hydra Modeller/db/hydra1.db
INFO - layout_xsd_path C:\Users\steve/Documents/svn/HYDRA/HydraServer/trunk/static/xml/resource_layout.xsd
INFO - default_directory C:\Users\steve/Documents/svn/HYDRA/HydraPlugins/
INFO - result_file C:\Users\Public\Documents/Hydra Modeller/.hydra/plugin_result/
INFO - plugin_xsd_path C:\Users\steve/Documents/svn/HYDRA/HydraPlugins/xml/trunk/plugin_input.xsd
INFO - log_config_path C:\Users\steve/Documents/svn/HYDRA/config/logging.conf
INFO - listening to http://127.0.0.1:8080/soap
INFO - wsdl is at: http://127.0.0.1:8080/soap/?wsdl
INFO - Using logging config at C:\Users\steve/Documents/svn/HYDRA/config/logging.conf
INFO - Connecting to database: sqlite:///C:\Users\Public\Documents/Hydra Modeller/db/hydra.db
INFO - Custom unit conversion file 'C:\Users\Public\Documents/Hydra Modeller/.config/hydra/unit_conversion.xml' does not exist, falling back to default file (C:\Users\steve\DOCUME~1\svn\HYDRA\HYDRAS~1\trunk\dist\HYDRAS~1\HydraLib\static\user_units.xml).
INFO - home_dir C:\Users\Public\Documents/Hydra Modeller
INFO - hydra_base_dir C:\Users\steve/Documents/svn/HYDRA
INFO - common_app_data_folder C:\ProgramData
INFO - win_common_documents C:\Users\Public\Documents
INFO - sqlite url sqlite:///C:\Users\Public\Documents/Hydra Modeller/db/hydra.db
INFO - layout_xsd_path C:\Users\steve/Documents/svn/HYDRA/HydraServer/trunk/static/xml/resource_layout.xsd
INFO - default_directory C:\Users\steve/Documents/svn/HYDRA/HydraPlugins/
INFO - result_file C:\Users\Public\Documents/Hydra Modeller/.hydra/plugin_result/
INFO - plugin_xsd_path C:\Users\steve/Documents/svn/HYDRA/HydraPlugins/xml/trunk/plugin_input.xsd
INFO - log_config_path C:\Users\steve/Documents/svn/HYDRA/config/logging.conf
INFO - listening to http://127.0.0.1:8080/soap
INFO - wsdl is at: http://127.0.0.1:8080/soap/?wsdl
INFO - Received request: <function login at 0x00000000063BF9E8>
INFO - Call took: 0:00:00.328000
INFO - Received request: <function add_project at 0x00000000063D1C88>
INFO - Call took: 0:00:00.016000
INFO - Received request: <function add_attributes at 0x00000000063DDF28>
INFO - Call took: 0:00:00.015000
INFO - Received request: <function add_attributes at 0x00000000063DDF28>
INFO - Call took: 0:00:00
INFO - Received request: <function get_dimension at 0x0000000006A37A58>
INFO - Call took: 0:00:00
INFO - Received request: <function get_dimension at 0x0000000006A37A58>
INFO - Call took: 0:00:00
INFO - Received request: <function get_dimension at 0x0000000006A37A58>
INFO - Call took: 0:00:00
INFO - Received request: <function add_attributes at 0x00000000063DDF28>
INFO - Call took: 0:00:00.016000
INFO - Received request: <function add_attributes at 0x00000000063DDF28>
INFO - Call took: 0:00:00
INFO - Received request: <function add_attributes at 0x00000000063DDF28>
INFO - Call took: 0:00:00.016000
INFO - Received request: <function add_attributes at 0x00000000063DDF28>
INFO - Call took: 0:00:00
INFO - Received request: <function add_attributes at 0x00000000063DDF28>
INFO - Call took: 0:00:00
INFO - Received request: <function add_attributes at 0x00000000063DDF28>
INFO - Call took: 0:00:00.016000
INFO - Received request: <function get_dimension at 0x0000000006A37A58>
INFO - Call took: 0:00:00
INFO - Received request: <function add_attributes at 0x00000000063DDF28>
INFO - Call took: 0:00:00.015000
INFO - Received request: <function get_dimension at 0x0000000006A37A58>
INFO - Call took: 0:00:00
INFO - Received request: <function get_dimension at 0x0000000006A37A58>
INFO - Call took: 0:00:00
INFO - Received request: <function get_dimension at 0x0000000006A37A58>
INFO - Call took: 0:00:00
INFO - Received request: <function get_dimension at 0x0000000006A37A58>
INFO - Call took: 0:00:00
INFO - Received request: <function get_dimension at 0x0000000006A37A58>
INFO - Call took: 0:00:00
INFO - Received request: <function add_attributes at 0x00000000063DDF28>
INFO - Call took: 0:00:00
INFO - Received request: <function add_attributes at 0x00000000063DDF28>
INFO - Call took: 0:00:00
INFO - Received request: <function get_dimension at 0x0000000006A37A58>
INFO - Call took: 0:00:00
INFO - Received request: <function add_attributes at 0x00000000063DDF28>
INFO - Call took: 0:00:00
INFO - Received request: <function add_network at 0x00000000063BF978>
INFO - Network attributes added in 0:00:00
INFO - Adding nodes to network
INFO - Node insert took 0.0 secs
INFO - 0 ResourceTypes inserted in 0.0 secs
INFO - Resource attributes from types added in 0:00:00
INFO - ResourceAttr insert took 0.0150001049042 secs
INFO - Resource attributes insertion from types done in 0:00:00.015000
INFO - retrieved 80 entries in 0:00:00.015000
INFO - Processing Query results took 0:00:00.015000
INFO - Resource attributes added in 0:00:00.015000
INFO - Nodes added in 0:00:00.015000
INFO - Adding links to network
INFO - Links added in 0:00:00.016000
INFO - 0 ResourceTypes inserted in 0.0 secs
INFO - Resource attributes from types added in 0:00:00
INFO - ResourceAttr insert took 0.0149998664856 secs
INFO - Resource attributes insertion from types done in 0:00:00.015000
INFO - retrieved 112 entries in 0:00:00.015000
INFO - Processing Query results took 0:00:00.015000
INFO - Resource attributes added in 0:00:00.015000
INFO - Links added in 0:00:00.031000
INFO - Adding groups to network
INFO - Resource Groups added in 0:00:00
INFO - 0 ResourceTypes inserted in 0.0160000324249 secs
INFO - Resource attributes from types added in 0:00:00.016000
INFO - ResourceAttr insert took 0.0160000324249 secs
INFO - Resource attributes insertion from types done in 0:00:00.016000
INFO - retrieved 4 entries in 0:00:00.016000
INFO - Processing Query results took 0:00:00.016000
INFO - Resource attributes added in 0:00:00.016000
INFO - Groups added in 0:00:00.016000
INFO - Adding scenarios to network
INFO - Incoming data processed in 0:00:00.188000
INFO - Retrieved 57 datasets
INFO - Existing data retrieved.
INFO - Done bulk inserting data. 131 datasets
INFO - Data bulk insert took 0:00:00.203000
INFO - Resource scenarios added in  0:00:00
INFO - Group items insert took 0:00:00.016000
INFO - Scenarios added in 0:00:00.219000
INFO - Insertion of network took: 0:00:00.328000
INFO - Call took: 0:00:00.375000
INFO - Received request: <function upload_template_xml at 0x0000000006881C18>
INFO - Existing template found. name=Template for the GAMS hydro-econ model
INFO - Call took: 0:00:00.204000
INFO - Received request: <function assign_types_to_resources at 0x000000000697AC88>
INFO - Retrieved all the appropriate template types
INFO - Retrieved all the appropriate resources
INFO - Call took: 0:00:00.094000
